<?xml version="1.0" encoding="UTF-8"?>
<testng-results ignored="0" total="1" passed="1" failed="0" skipped="0">
  <reporter-output>
  </reporter-output>
  <suite started-at="2022-05-22T22:38:34 IST" name="Default suite" finished-at="2022-05-22T22:39:24 IST" duration-ms="49731">
    <groups>
    </groups>
    <test started-at="2022-05-22T22:38:34 IST" name="Default test" finished-at="2022-05-22T22:39:24 IST" duration-ms="49731">
      <class name="testNG.TNG2">
        <test-method is-config="true" signature="startup()[pri:0, instance:testNG.TNG2@77167fb7]" started-at="2022-05-22T22:38:34 IST" name="startup" finished-at="2022-05-22T22:39:07 IST" duration-ms="32482" status="PASS">
          <reporter-output>
          </reporter-output>
        </test-method> <!-- startup -->
        <test-method signature="amazon()[pri:0, instance:testNG.TNG2@77167fb7]" started-at="2022-05-22T22:39:07 IST" name="amazon" finished-at="2022-05-22T22:39:19 IST" duration-ms="12447" status="PASS">
          <reporter-output>
          </reporter-output>
        </test-method> <!-- amazon -->
        <test-method is-config="true" signature="endprocess()[pri:0, instance:testNG.TNG2@77167fb7]" started-at="2022-05-22T22:39:19 IST" name="endprocess" finished-at="2022-05-22T22:39:24 IST" duration-ms="4588" status="PASS">
          <reporter-output>
          </reporter-output>
        </test-method> <!-- endprocess -->
      </class> <!-- testNG.TNG2 -->
    </test> <!-- Default test -->
  </suite> <!-- Default suite -->
</testng-results>
